<?xml version="1.0" encoding="UTF-8"?>
<!-- Generated by org.testng.reporters.JUnitReportReporter -->
<testsuite skipped="0" hostname="SAJIDs-MBP.fios-router.home" name="web.pages.execution.TargetPagesExecution" tests="1" failures="0" timestamp="2021-05-19T18:33:05 EDT" time="15.239" errors="0">
  <testcase name="targetaAllPagesExecution" time="15.239" classname="web.pages.execution.TargetPagesExecution"/>
  <system-out/>
</testsuite> <!-- web.pages.execution.TargetPagesExecution -->
